#
# There is insufficient memory for the Java Runtime Environment to continue.
# Native memory allocation (malloc) failed to allocate 32784 bytes for Chunk::new
# Possible reasons:
#   The system is out of physical RAM or swap space
#   The process is running with CompressedOops enabled, and the Java Heap may be blocking the growth of the native heap
# Possible solutions:
#   Reduce memory load on the system
#   Increase physical memory or swap space
#   Check if swap backing store is full
#   Decrease Java heap size (-Xmx/-Xms)
#   Decrease number of Java threads
#   Decrease Java thread stack sizes (-Xss)
#   Set larger code cache with -XX:ReservedCodeCacheSize=
#   JVM is running with Unscaled Compressed Oops mode in which the Java heap is
#     placed in the first 4GB address space. The Java Heap base address is the
#     maximum limit for the native heap growth. Please use -XX:HeapBaseMinAddress
#     to set the Java Heap base and to place the Java Heap above 4GB virtual address.
# This output file may be truncated or incomplete.
#
#  Out of Memory Error (./open/src/hotspot/share/memory/arena.cpp:195), pid=15604, tid=10264
#
# JRE version: Java(TM) SE Runtime Environment (14.0.1+7) (build 14.0.1+7)
# Java VM: Java HotSpot(TM) 64-Bit Server VM (14.0.1+7, mixed mode, sharing, tiered, compressed oops, g1 gc, windows-amd64)
# No core dump will be written. Minidumps are not enabled by default on client versions of Windows
#

---------------  S U M M A R Y ------------

Command Line: -javaagent:C:\Program Files\JetBrains\IntelliJ IDEA Community Edition 2020.1.2\lib\idea_rt.jar=57844:C:\Program Files\JetBrains\IntelliJ IDEA Community Edition 2020.1.2\bin -Dfile.encoding=UTF-8 com.example.demo.SareetaApplication

Host: Intel(R) Pentium(R) CPU N4200 @ 1.10GHz, 4 cores, 3G,  Windows 10 , 64 bit Build 18362 (10.0.18362.1110)
Time: Thu Oct 29 17:04:58 2020 Eastern Daylight Time elapsed time: 193 seconds (0d 0h 3m 13s)

---------------  T H R E A D  ---------------

Current thread (0x000001eeda96d000):  JavaThread "C2 CompilerThread0" daemon [_thread_in_native, id=10264, stack(0x0000001c62200000,0x0000001c62300000)]


Current CompileTask:
C2: 193399 6552 % !   4       org.springframework.beans.factory.support.DefaultListableBeanFactory::doGetBeanNamesForType @ 20 (593 bytes)

Stack: [0x0000001c62200000,0x0000001c62300000]
Native frames: (J=compiled Java code, j=interpreted, Vv=VM code, C=native code)
V  [jvm.dll+0x5f840a]
V  [jvm.dll+0x741e4a]
V  [jvm.dll+0x7435ff]
V  [jvm.dll+0x743c43]
V  [jvm.dll+0x20d288]
V  [jvm.dll+0xabb07]
V  [jvm.dll+0xabc7d]
V  [jvm.dll+0x5d934b]
V  [jvm.dll+0x50d8b5]
V  [jvm.dll+0x50cdb9]
V  [jvm.dll+0x1ee036]
V  [jvm.dll+0x1e752d]
V  [jvm.dll+0x1e4f98]
V  [jvm.dll+0x1779cc]
V  [jvm.dll+0x1f4105]
V  [jvm.dll+0x1f22eb]
V  [jvm.dll+0x706a9d]
V  [jvm.dll+0x6ff8ba]
V  [jvm.dll+0x5f72c6]
C  [ucrtbase.dll+0x210b2]
C  [KERNEL32.DLL+0x17c24]
C  [ntdll.dll+0x6cea1]


---------------  P R O C E S S  ---------------

Threads class SMR info:
_java_thread_list=0x000001eedf2cfce0, length=32, elements={
0x000001eeda950000, 0x000001eeda951000, 0x000001eeda965800, 0x000001eeda96a000,
0x000001eeda96b000, 0x000001eeda96d000, 0x000001eeda96e000, 0x000001eedb2f8800,
0x000001eeda94f000, 0x000001eedb95f800, 0x000001eedb9ad000, 0x000001eedea03000,
0x000001eeddd5b800, 0x000001eeddd5e000, 0x000001eeddd5c800, 0x000001eeddd58800,
0x000001eeddd5f000, 0x000001eeddd59000, 0x000001eeddd5a000, 0x000001eede0dd800,
0x000001eede0df000, 0x000001eede0e1800, 0x000001eede0dc800, 0x000001eede0e0000,
0x000001eede0e0800, 0x000001eede0e2800, 0x000001eede0e3000, 0x000001eede0de000,
0x000001eede0e9000, 0x000001eede0e9800, 0x000001eede0e8000, 0x000001eede0e4000
}

Java Threads: ( => current thread )
  0x000001eeda950000 JavaThread "Reference Handler" daemon [_thread_blocked, id=13764, stack(0x0000001c61d00000,0x0000001c61e00000)]
  0x000001eeda951000 JavaThread "Finalizer" daemon [_thread_blocked, id=2052, stack(0x0000001c61e00000,0x0000001c61f00000)]
  0x000001eeda965800 JavaThread "Signal Dispatcher" daemon [_thread_blocked, id=8608, stack(0x0000001c61f00000,0x0000001c62000000)]
  0x000001eeda96a000 JavaThread "Attach Listener" daemon [_thread_blocked, id=6620, stack(0x0000001c62000000,0x0000001c62100000)]
  0x000001eeda96b000 JavaThread "Service Thread" daemon [_thread_blocked, id=5996, stack(0x0000001c62100000,0x0000001c62200000)]
=>0x000001eeda96d000 JavaThread "C2 CompilerThread0" daemon [_thread_in_native, id=10264, stack(0x0000001c62200000,0x0000001c62300000)]
  0x000001eeda96e000 JavaThread "C1 CompilerThread0" daemon [_thread_blocked, id=15740, stack(0x0000001c62300000,0x0000001c62400000)]
  0x000001eedb2f8800 JavaThread "Sweeper thread" daemon [_thread_blocked, id=7912, stack(0x0000001c62400000,0x0000001c62500000)]
  0x000001eeda94f000 JavaThread "Common-Cleaner" daemon [_thread_blocked, id=6676, stack(0x0000001c62500000,0x0000001c62600000)]
  0x000001eedb95f800 JavaThread "Monitor Ctrl-Break" daemon [_thread_in_native, id=8580, stack(0x0000001c62700000,0x0000001c62800000)]
  0x000001eedb9ad000 JavaThread "Notification Thread" daemon [_thread_blocked, id=13432, stack(0x0000001c62800000,0x0000001c62900000)]
  0x000001eedea03000 JavaThread "HikariPool-1 housekeeper" daemon [_thread_blocked, id=12656, stack(0x0000001c63100000,0x0000001c63200000)]
  0x000001eeddd5b800 JavaThread "Catalina-utility-1" [_thread_blocked, id=6788, stack(0x0000001c63200000,0x0000001c63300000)]
  0x000001eeddd5e000 JavaThread "Catalina-utility-2" [_thread_blocked, id=3760, stack(0x0000001c63300000,0x0000001c63400000)]
  0x000001eeddd5c800 JavaThread "container-0" [_thread_blocked, id=9376, stack(0x0000001c63400000,0x0000001c63500000)]
  0x000001eeddd58800 JavaThread "Live Reload Server" daemon [_thread_in_native, id=13368, stack(0x0000001c63600000,0x0000001c63700000)]
  0x000001eeddd5f000 JavaThread "NioBlockingSelector.BlockPoller-1" daemon [_thread_in_native, id=16144, stack(0x0000001c63700000,0x0000001c63800000)]
  0x000001eeddd59000 JavaThread "http-nio-8080-exec-1" daemon [_thread_blocked, id=14856, stack(0x0000001c63800000,0x0000001c63900000)]
  0x000001eeddd5a000 JavaThread "http-nio-8080-exec-2" daemon [_thread_blocked, id=8532, stack(0x0000001c63900000,0x0000001c63a00000)]
  0x000001eede0dd800 JavaThread "http-nio-8080-exec-3" daemon [_thread_blocked, id=1372, stack(0x0000001c63a00000,0x0000001c63b00000)]
  0x000001eede0df000 JavaThread "http-nio-8080-exec-4" daemon [_thread_blocked, id=4872, stack(0x0000001c63b00000,0x0000001c63c00000)]
  0x000001eede0e1800 JavaThread "http-nio-8080-exec-5" daemon [_thread_blocked, id=10756, stack(0x0000001c63c00000,0x0000001c63d00000)]
  0x000001eede0dc800 JavaThread "http-nio-8080-exec-6" daemon [_thread_blocked, id=9260, stack(0x0000001c63d00000,0x0000001c63e00000)]
  0x000001eede0e0000 JavaThread "http-nio-8080-exec-7" daemon [_thread_blocked, id=8832, stack(0x0000001c63e00000,0x0000001c63f00000)]
  0x000001eede0e0800 JavaThread "http-nio-8080-exec-8" daemon [_thread_blocked, id=2920, stack(0x0000001c63f00000,0x0000001c64000000)]
  0x000001eede0e2800 JavaThread "http-nio-8080-exec-9" daemon [_thread_blocked, id=12952, stack(0x0000001c64000000,0x0000001c64100000)]
  0x000001eede0e3000 JavaThread "http-nio-8080-exec-10" daemon [_thread_blocked, id=11984, stack(0x0000001c64100000,0x0000001c64200000)]
  0x000001eede0de000 JavaThread "http-nio-8080-ClientPoller-0" daemon [_thread_in_native, id=3048, stack(0x0000001c64200000,0x0000001c64300000)]
  0x000001eede0e9000 JavaThread "http-nio-8080-ClientPoller-1" daemon [_thread_in_native, id=15824, stack(0x0000001c64300000,0x0000001c64400000)]
  0x000001eede0e9800 JavaThread "http-nio-8080-Acceptor-0" daemon [_thread_in_native, id=12516, stack(0x0000001c64400000,0x0000001c64500000)]
  0x000001eede0e8000 JavaThread "DestroyJavaVM" [_thread_blocked, id=6632, stack(0x0000001c61600000,0x0000001c61700000)]
  0x000001eede0e4000 JavaThread "Thread-5" [_thread_in_vm, id=11112, stack(0x0000001c61400000,0x0000001c61500000)]

Other Threads:
  0x000001eebe939000 VMThread "VM Thread" [stack: 0x0000001c61c00000,0x0000001c61d00000] [id=5144]
  0x000001eedb960000 WatcherThread [stack: 0x0000001c62900000,0x0000001c62a00000] [id=14160]
  0x000001eebe8b3000 GCTaskThread "GC Thread#0" [stack: 0x0000001c61700000,0x0000001c61800000] [id=13620]
  0x000001eedbd9e800 GCTaskThread "GC Thread#1" [stack: 0x0000001c62a00000,0x0000001c62b00000] [id=9584]
  0x000001eedc1ec000 GCTaskThread "GC Thread#2" [stack: 0x0000001c62c00000,0x0000001c62d00000] [id=8560]
  0x000001eedc169000 GCTaskThread "GC Thread#3" [stack: 0x0000001c63000000,0x0000001c63100000] [id=8748]
  0x000001eebe8be800 ConcurrentGCThread "G1 Main Marker" [stack: 0x0000001c61800000,0x0000001c61900000] [id=3976]
  0x000001eebe8bf800 ConcurrentGCThread "G1 Conc#0" [stack: 0x0000001c61900000,0x0000001c61a00000] [id=8800]
  0x000001eebe902800 ConcurrentGCThread "G1 Refine#0" [stack: 0x0000001c61a00000,0x0000001c61b00000] [id=15944]
  0x000001eedb3f3800 ConcurrentGCThread "G1 Refine#1" [stack: 0x0000001c62b00000,0x0000001c62c00000] [id=4444]
  0x000001eebe903800 ConcurrentGCThread "G1 Young RemSet Sampling" [stack: 0x0000001c61b00000,0x0000001c61c00000] [id=4080]

Threads with active compile tasks:
C2 CompilerThread0   193476 6552 % !   4       org.springframework.beans.factory.support.DefaultListableBeanFactory::doGetBeanNamesForType @ 20 (593 bytes)

VM state:not at safepoint (normal execution)

VM Mutex/Monitor currently owned by a thread: None

Heap address: 0x00000000c2600000, size: 986 MB, Compressed Oops mode: 32-bit
Narrow klass base: 0x0000000800000000, Narrow klass shift: 3
Compressed class space size: 1073741824 Address: 0x0000000800b30000

Heap:
 garbage-first heap   total 70656K, used 33573K [0x00000000c2600000, 0x0000000100000000)
  region size 1024K, 3 young (3072K), 2 survivors (2048K)
 Metaspace       used 66359K, capacity 67778K, committed 67968K, reserved 1107968K
  class space    used 8749K, capacity 9274K, committed 9344K, reserved 1048576K
Heap Regions: E=young(eden), S=young(survivor), O=old, HS=humongous(starts), HC=humongous(continues), CS=collection set, F=free, OA=open archive, CA=closed archive, TAMS=top-at-mark-start (previous, next)
|   0|0x00000000c2600000, 0x00000000c2700000, 0x00000000c2700000|100%|HS|  |TAMS 0x00000000c2700000, 0x00000000c2600000| Complete 
|   1|0x00000000c2700000, 0x00000000c2800000, 0x00000000c2800000|100%| O|  |TAMS 0x00000000c2800000, 0x00000000c2700000| Untracked 
|   2|0x00000000c2800000, 0x00000000c2900000, 0x00000000c2900000|100%| O|  |TAMS 0x00000000c2900000, 0x00000000c2800000| Untracked 
|   3|0x00000000c2900000, 0x00000000c2a00000, 0x00000000c2a00000|100%| O|  |TAMS 0x00000000c2a00000, 0x00000000c2900000| Untracked 
|   4|0x00000000c2a00000, 0x00000000c2b00000, 0x00000000c2b00000|100%| O|  |TAMS 0x00000000c2b00000, 0x00000000c2a00000| Untracked 
|   5|0x00000000c2b00000, 0x00000000c2c00000, 0x00000000c2c00000|100%| O|  |TAMS 0x00000000c2c00000, 0x00000000c2b00000| Untracked 
|   6|0x00000000c2c00000, 0x00000000c2d00000, 0x00000000c2d00000|100%| O|  |TAMS 0x00000000c2d00000, 0x00000000c2c00000| Untracked 
|   7|0x00000000c2d00000, 0x00000000c2e00000, 0x00000000c2e00000|100%| O|  |TAMS 0x00000000c2e00000, 0x00000000c2d00000| Untracked 
|   8|0x00000000c2e00000, 0x00000000c2f00000, 0x00000000c2f00000|100%| O|  |TAMS 0x00000000c2f00000, 0x00000000c2e00000| Untracked 
|   9|0x00000000c2f00000, 0x00000000c2f12e00, 0x00000000c3000000|  7%| O|  |TAMS 0x00000000c2f12e00, 0x00000000c2f00000| Untracked 
|  10|0x00000000c3000000, 0x00000000c3100000, 0x00000000c3100000|100%| O|  |TAMS 0x00000000c3100000, 0x00000000c3000000| Untracked 
|  11|0x00000000c3100000, 0x00000000c3200000, 0x00000000c3200000|100%| O|  |TAMS 0x00000000c3200000, 0x00000000c3100000| Untracked 
|  12|0x00000000c3200000, 0x00000000c3300000, 0x00000000c3300000|100%| O|  |TAMS 0x00000000c3300000, 0x00000000c3200000| Untracked 
|  13|0x00000000c3300000, 0x00000000c3400000, 0x00000000c3400000|100%| O|  |TAMS 0x00000000c3400000, 0x00000000c3300000| Untracked 
|  14|0x00000000c3400000, 0x00000000c3500000, 0x00000000c3500000|100%| O|  |TAMS 0x00000000c3500000, 0x00000000c3400000| Untracked 
|  15|0x00000000c3500000, 0x00000000c3600000, 0x00000000c3600000|100%| O|  |TAMS 0x00000000c3600000, 0x00000000c3500000| Untracked 
|  16|0x00000000c3600000, 0x00000000c3700000, 0x00000000c3700000|100%| O|  |TAMS 0x00000000c3700000, 0x00000000c3600000| Untracked 
|  17|0x00000000c3700000, 0x00000000c3800000, 0x00000000c3800000|100%| O|  |TAMS 0x00000000c3800000, 0x00000000c3700000| Untracked 
|  18|0x00000000c3800000, 0x00000000c3900000, 0x00000000c3900000|100%| O|  |TAMS 0x00000000c3900000, 0x00000000c3800000| Untracked 
|  19|0x00000000c3900000, 0x00000000c3a00000, 0x00000000c3a00000|100%| O|  |TAMS 0x00000000c3a00000, 0x00000000c3900000| Untracked 
|  20|0x00000000c3a00000, 0x00000000c3b00000, 0x00000000c3b00000|100%| O|  |TAMS 0x00000000c3b00000, 0x00000000c3a00000| Untracked 
|  21|0x00000000c3b00000, 0x00000000c3c00000, 0x00000000c3c00000|100%| O|  |TAMS 0x00000000c3c00000, 0x00000000c3b00000| Untracked 
|  22|0x00000000c3c00000, 0x00000000c3d00000, 0x00000000c3d00000|100%| O|  |TAMS 0x00000000c3d00000, 0x00000000c3c00000| Untracked 
|  23|0x00000000c3d00000, 0x00000000c3e00000, 0x00000000c3e00000|100%| O|  |TAMS 0x00000000c3e00000, 0x00000000c3d00000| Untracked 
|  24|0x00000000c3e00000, 0x00000000c3f00000, 0x00000000c3f00000|100%| O|  |TAMS 0x00000000c3f00000, 0x00000000c3e00000| Untracked 
|  25|0x00000000c3f00000, 0x00000000c4000000, 0x00000000c4000000|100%| O|  |TAMS 0x00000000c3f61800, 0x00000000c3f00000| Untracked 
|  26|0x00000000c4000000, 0x00000000c4100000, 0x00000000c4100000|100%| O|  |TAMS 0x00000000c4000000, 0x00000000c4000000| Untracked 
|  27|0x00000000c4100000, 0x00000000c4200000, 0x00000000c4200000|100%| O|  |TAMS 0x00000000c4100000, 0x00000000c4100000| Untracked 
|  28|0x00000000c4200000, 0x00000000c4300000, 0x00000000c4300000|100%| O|  |TAMS 0x00000000c4200000, 0x00000000c4200000| Untracked 
|  29|0x00000000c4300000, 0x00000000c4400000, 0x00000000c4400000|100%| O|  |TAMS 0x00000000c4300000, 0x00000000c4300000| Untracked 
|  30|0x00000000c4400000, 0x00000000c4500000, 0x00000000c4500000|100%| O|  |TAMS 0x00000000c4400000, 0x00000000c4400000| Untracked 
|  31|0x00000000c4500000, 0x00000000c4600000, 0x00000000c4600000|100%| O|  |TAMS 0x00000000c4500000, 0x00000000c4500000| Untracked 
|  32|0x00000000c4600000, 0x00000000c465f200, 0x00000000c4700000| 37%| O|  |TAMS 0x00000000c4600000, 0x00000000c4600000| Untracked 
|  33|0x00000000c4700000, 0x00000000c4700000, 0x00000000c4800000|  0%| F|  |TAMS 0x00000000c4700000, 0x00000000c4700000| Untracked 
|  34|0x00000000c4800000, 0x00000000c4800000, 0x00000000c4900000|  0%| F|  |TAMS 0x00000000c4800000, 0x00000000c4800000| Untracked 
|  35|0x00000000c4900000, 0x00000000c4900000, 0x00000000c4a00000|  0%| F|  |TAMS 0x00000000c4900000, 0x00000000c4900000| Untracked 
|  36|0x00000000c4a00000, 0x00000000c4a00000, 0x00000000c4b00000|  0%| F|  |TAMS 0x00000000c4a00000, 0x00000000c4a00000| Untracked 
|  37|0x00000000c4b00000, 0x00000000c4b00000, 0x00000000c4c00000|  0%| F|  |TAMS 0x00000000c4b00000, 0x00000000c4b00000| Untracked 
|  38|0x00000000c4c00000, 0x00000000c4c00000, 0x00000000c4d00000|  0%| F|  |TAMS 0x00000000c4c00000, 0x00000000c4c00000| Untracked 
|  39|0x00000000c4d00000, 0x00000000c4d00000, 0x00000000c4e00000|  0%| F|  |TAMS 0x00000000c4d00000, 0x00000000c4d00000| Untracked 
|  40|0x00000000c4e00000, 0x00000000c4e00000, 0x00000000c4f00000|  0%| F|  |TAMS 0x00000000c4e00000, 0x00000000c4e00000| Untracked 
|  41|0x00000000c4f00000, 0x00000000c4f00000, 0x00000000c5000000|  0%| F|  |TAMS 0x00000000c4f00000, 0x00000000c4f00000| Untracked 
|  42|0x00000000c5000000, 0x00000000c5000000, 0x00000000c5100000|  0%| F|  |TAMS 0x00000000c5000000, 0x00000000c5000000| Untracked 
|  43|0x00000000c5100000, 0x00000000c5157500, 0x00000000c5200000| 34%| S|CS|TAMS 0x00000000c5100000, 0x00000000c5100000| Complete 
|  44|0x00000000c5200000, 0x00000000c5300000, 0x00000000c5300000|100%| S|CS|TAMS 0x00000000c5200000, 0x00000000c5200000| Complete 
|  45|0x00000000c5300000, 0x00000000c5300000, 0x00000000c5400000|  0%| F|  |TAMS 0x00000000c5300000, 0x00000000c5300000| Untracked 
|  46|0x00000000c5400000, 0x00000000c5400000, 0x00000000c5500000|  0%| F|  |TAMS 0x00000000c5400000, 0x00000000c5400000| Untracked 
|  47|0x00000000c5500000, 0x00000000c5500000, 0x00000000c5600000|  0%| F|  |TAMS 0x00000000c5500000, 0x00000000c5500000| Untracked 
|  48|0x00000000c5600000, 0x00000000c5600000, 0x00000000c5700000|  0%| F|  |TAMS 0x00000000c5600000, 0x00000000c5600000| Untracked 
|  49|0x00000000c5700000, 0x00000000c5700000, 0x00000000c5800000|  0%| F|  |TAMS 0x00000000c5700000, 0x00000000c5700000| Untracked 
|  50|0x00000000c5800000, 0x00000000c5800000, 0x00000000c5900000|  0%| F|  |TAMS 0x00000000c5800000, 0x00000000c5800000| Untracked 
|  51|0x00000000c5900000, 0x00000000c5900000, 0x00000000c5a00000|  0%| F|  |TAMS 0x00000000c5900000, 0x00000000c5900000| Untracked 
|  52|0x00000000c5a00000, 0x00000000c5a00000, 0x00000000c5b00000|  0%| F|  |TAMS 0x00000000c5a00000, 0x00000000c5a00000| Untracked 
|  53|0x00000000c5b00000, 0x00000000c5b00000, 0x00000000c5c00000|  0%| F|  |TAMS 0x00000000c5b00000, 0x00000000c5b00000| Untracked 
|  54|0x00000000c5c00000, 0x00000000c5c00000, 0x00000000c5d00000|  0%| F|  |TAMS 0x00000000c5c00000, 0x00000000c5c00000| Untracked 
|  55|0x00000000c5d00000, 0x00000000c5d00000, 0x00000000c5e00000|  0%| F|  |TAMS 0x00000000c5d00000, 0x00000000c5d00000| Untracked 
|  56|0x00000000c5e00000, 0x00000000c5e00000, 0x00000000c5f00000|  0%| F|  |TAMS 0x00000000c5e00000, 0x00000000c5e00000| Untracked 
|  57|0x00000000c5f00000, 0x00000000c5f00000, 0x00000000c6000000|  0%| F|  |TAMS 0x00000000c5f00000, 0x00000000c5f00000| Untracked 
|  58|0x00000000c6000000, 0x00000000c6000000, 0x00000000c6100000|  0%| F|  |TAMS 0x00000000c6000000, 0x00000000c6000000| Untracked 
|  59|0x00000000c6100000, 0x00000000c6100000, 0x00000000c6200000|  0%| F|  |TAMS 0x00000000c6100000, 0x00000000c6100000| Untracked 
|  60|0x00000000c6200000, 0x00000000c6200000, 0x00000000c6300000|  0%| F|  |TAMS 0x00000000c6200000, 0x00000000c6200000| Untracked 
|  61|0x00000000c6300000, 0x00000000c6300000, 0x00000000c6400000|  0%| F|  |TAMS 0x00000000c6300000, 0x00000000c6300000| Untracked 
|  62|0x00000000c6400000, 0x00000000c6400000, 0x00000000c6500000|  0%| F|  |TAMS 0x00000000c6400000, 0x00000000c6400000| Untracked 
|  63|0x00000000c6500000, 0x00000000c6500000, 0x00000000c6600000|  0%| F|  |TAMS 0x00000000c6500000, 0x00000000c6500000| Untracked 
|  64|0x00000000c6600000, 0x00000000c6600000, 0x00000000c6700000|  0%| F|  |TAMS 0x00000000c6600000, 0x00000000c6600000| Untracked 
|  65|0x00000000c6700000, 0x00000000c6700000, 0x00000000c6800000|  0%| F|  |TAMS 0x00000000c6700000, 0x00000000c6700000| Untracked 
|  66|0x00000000c6800000, 0x00000000c6800000, 0x00000000c6900000|  0%| F|  |TAMS 0x00000000c6800000, 0x00000000c6800000| Untracked 
|  67|0x00000000c6900000, 0x00000000c6900000, 0x00000000c6a00000|  0%| F|  |TAMS 0x00000000c6900000, 0x00000000c6900000| Untracked 
|  68|0x00000000c6a00000, 0x00000000c6a3d138, 0x00000000c6b00000| 23%| E|  |TAMS 0x00000000c6a00000, 0x00000000c6a00000| Complete 

Card table byte_map: [0x000001eed6200000,0x000001eed63f0000] _byte_map_base: 0x000001eed5bed000

Marking Bits (Prev, Next): (CMBitMap*) 0x000001eebe8b5cc8, (CMBitMap*) 0x000001eebe8b5c88
 Prev Bits: [0x000001eed7550000, 0x000001eed84b8000)
 Next Bits: [0x000001eed65e0000, 0x000001eed7548000)

Polling page: 0x000001eebc790000

Metaspace:

Usage:
  Non-class:     57.13 MB capacity,    56.26 MB ( 98%) used,   707.70 KB (  1%) free+waste,   186.25 KB ( <1%) overhead. 
      Class:      9.06 MB capacity,     8.54 MB ( 94%) used,   439.11 KB (  5%) free+waste,    85.81 KB ( <1%) overhead. 
       Both:     66.19 MB capacity,    64.80 MB ( 98%) used,     1.12 MB (  2%) free+waste,   272.06 KB ( <1%) overhead. 

Virtual space:
  Non-class space:       58.00 MB reserved,      57.25 MB ( 99%) committed 
      Class space:        1.00 GB reserved,       9.13 MB ( <1%) committed 
             Both:        1.06 GB reserved,      66.38 MB (  6%) committed 

Chunk freelists:
   Non-Class:  0 bytes
       Class:  6.00 KB
        Both:  6.00 KB

MaxMetaspaceSize: 17179869184.00 GB
CompressedClassSpaceSize: 1.00 GB

CodeHeap 'non-profiled nmethods': size=120000Kb used=3966Kb max_used=3966Kb free=116033Kb
 bounds [0x000001eeceae0000, 0x000001eeceec0000, 0x000001eed6010000]
CodeHeap 'profiled nmethods': size=120000Kb used=13467Kb max_used=13467Kb free=106532Kb
 bounds [0x000001eec75b0000, 0x000001eec82e0000, 0x000001eeceae0000]
CodeHeap 'non-nmethods': size=5760Kb used=1345Kb max_used=1432Kb free=4414Kb
 bounds [0x000001eec7010000, 0x000001eec7280000, 0x000001eec75b0000]
 total_blobs=9035 nmethods=5766 adapters=559
 compilation: enabled
              stopped_count=0, restarted_count=0
 full_count=0

Compilation events (20 events):
Event: 193.233 Thread 0x000001eeda96e000 nmethod 6550 0x000001eec82d2a10 code [0x000001eec82d2bc0, 0x000001eec82d2d28]
Event: 193.293 Thread 0x000001eeda96d000 6551       4       org.springframework.beans.factory.support.AbstractBeanFactory::isFactoryBean (65 bytes)
Event: 193.300 Thread 0x000001eeda96e000 6553       3       java.util.LinkedHashMap::afterNodeRemoval (65 bytes)
Event: 193.301 Thread 0x000001eeda96e000 nmethod 6553 0x000001eec82d2e10 code [0x000001eec82d2fe0, 0x000001eec82d3498]
Event: 193.301 Thread 0x000001eeda96e000 6554       3       java.util.concurrent.ConcurrentHashMap$BaseIterator::remove (37 bytes)
Event: 193.302 Thread 0x000001eeda96e000 nmethod 6554 0x000001eec82d3610 code [0x000001eec82d37e0, 0x000001eec82d3a98]
Event: 193.302 Thread 0x000001eeda96e000 6556   !   3       java.util.concurrent.ConcurrentHashMap::clear (176 bytes)
Event: 193.304 Thread 0x000001eeda96e000 nmethod 6556 0x000001eec82d3b90 code [0x000001eec82d3de0, 0x000001eec82d4df8]
Event: 193.311 Thread 0x000001eeda96e000 6557       1       ch.qos.logback.classic.spi.LoggingEvent::getLevel (5 bytes)
Event: 193.311 Thread 0x000001eeda96e000 nmethod 6557 0x000001eeceebe210 code [0x000001eeceebe3a0, 0x000001eeceebe478]
Event: 193.317 Thread 0x000001eeda96e000 6558       3       java.util.concurrent.ConcurrentHashMap::entrySet (25 bytes)
Event: 193.318 Thread 0x000001eeda96e000 nmethod 6558 0x000001eec82d5290 code [0x000001eec82d5440, 0x000001eec82d57d8]
Event: 193.318 Thread 0x000001eeda96e000 6559       3       java.util.concurrent.ConcurrentHashMap$EntrySetView::iterator (34 bytes)
Event: 193.319 Thread 0x000001eeda96e000 nmethod 6559 0x000001eec82d5910 code [0x000001eec82d5ae0, 0x000001eec82d5e98]
Event: 193.319 Thread 0x000001eeda96e000 6560       3       java.util.concurrent.ConcurrentHashMap$EntryIterator::<init> (12 bytes)
Event: 193.320 Thread 0x000001eeda96e000 nmethod 6560 0x000001eec82d6090 code [0x000001eec82d6240, 0x000001eec82d6498]
Event: 193.320 Thread 0x000001eeda96e000 6561   !   3       org.springframework.beans.factory.support.DefaultListableBeanFactory::updateManualSingletonNames (93 bytes)
Event: 193.323 Thread 0x000001eeda96e000 nmethod 6561 0x000001eec82d6590 code [0x000001eec82d6840, 0x000001eec82d7898]
Event: 193.327 Thread 0x000001eeda96d000 nmethod 6551 0x000001eeceebe510 code [0x000001eeceebe7e0, 0x000001eeceebf460]
Event: 193.327 Thread 0x000001eeda96d000 6552 % !   4       org.springframework.beans.factory.support.DefaultListableBeanFactory::doGetBeanNamesForType @ 20 (593 bytes)

GC Heap History (20 events):
Event: 21.584 GC heap before
{Heap before GC invocations=19 (full 0):
 garbage-first heap   total 58368K, used 44853K [0x00000000c2600000, 0x0000000100000000)
  region size 1024K, 28 young (28672K), 4 survivors (4096K)
 Metaspace       used 44420K, capacity 45504K, committed 45568K, reserved 1089536K
  class space    used 5721K, capacity 6115K, committed 6144K, reserved 1048576K
}
Event: 21.593 GC heap after
{Heap after GC invocations=20 (full 0):
 garbage-first heap   total 58368K, used 22495K [0x00000000c2600000, 0x0000000100000000)
  region size 1024K, 3 young (3072K), 3 survivors (3072K)
 Metaspace       used 44420K, capacity 45504K, committed 45568K, reserved 1089536K
  class space    used 5721K, capacity 6115K, committed 6144K, reserved 1048576K
}
Event: 22.691 GC heap before
{Heap before GC invocations=20 (full 0):
 garbage-first heap   total 58368K, used 47071K [0x00000000c2600000, 0x0000000100000000)
  region size 1024K, 27 young (27648K), 3 survivors (3072K)
 Metaspace       used 48237K, capacity 49334K, committed 49536K, reserved 1091584K
  class space    used 6285K, capacity 6708K, committed 6784K, reserved 1048576K
}
Event: 22.698 GC heap after
{Heap after GC invocations=21 (full 0):
 garbage-first heap   total 58368K, used 23319K [0x00000000c2600000, 0x0000000100000000)
  region size 1024K, 2 young (2048K), 2 survivors (2048K)
 Metaspace       used 48237K, capacity 49334K, committed 49536K, reserved 1091584K
  class space    used 6285K, capacity 6708K, committed 6784K, reserved 1048576K
}
Event: 23.975 GC heap before
{Heap before GC invocations=21 (full 0):
 garbage-first heap   total 58368K, used 47895K [0x00000000c2600000, 0x0000000100000000)
  region size 1024K, 26 young (26624K), 2 survivors (2048K)
 Metaspace       used 51975K, capacity 53018K, committed 53120K, reserved 1095680K
  class space    used 6855K, capacity 7268K, committed 7296K, reserved 1048576K
}
Event: 23.981 GC heap after
{Heap after GC invocations=22 (full 0):
 garbage-first heap   total 58368K, used 23775K [0x00000000c2600000, 0x0000000100000000)
  region size 1024K, 3 young (3072K), 3 survivors (3072K)
 Metaspace       used 51975K, capacity 53018K, committed 53120K, reserved 1095680K
  class space    used 6855K, capacity 7268K, committed 7296K, reserved 1048576K
}
Event: 25.383 GC heap before
{Heap before GC invocations=22 (full 0):
 garbage-first heap   total 58368K, used 47327K [0x00000000c2600000, 0x0000000100000000)
  region size 1024K, 26 young (26624K), 3 survivors (3072K)
 Metaspace       used 55513K, capacity 56823K, committed 57088K, reserved 1097728K
  class space    used 7338K, capacity 7836K, committed 7936K, reserved 1048576K
}
Event: 25.397 GC heap after
{Heap after GC invocations=23 (full 0):
 garbage-first heap   total 58368K, used 25072K [0x00000000c2600000, 0x0000000100000000)
  region size 1024K, 3 young (3072K), 3 survivors (3072K)
 Metaspace       used 55513K, capacity 56823K, committed 57088K, reserved 1097728K
  class space    used 7338K, capacity 7836K, committed 7936K, reserved 1048576K
}
Event: 26.546 GC heap before
{Heap before GC invocations=23 (full 0):
 garbage-first heap   total 58368K, used 47600K [0x00000000c2600000, 0x0000000100000000)
  region size 1024K, 25 young (25600K), 3 survivors (3072K)
 Metaspace       used 56680K, capacity 57972K, committed 58240K, reserved 1099776K
  class space    used 7482K, capacity 7980K, committed 8064K, reserved 1048576K
}
Event: 26.557 GC heap after
{Heap after GC invocations=24 (full 0):
 garbage-first heap   total 58368K, used 26538K [0x00000000c2600000, 0x0000000100000000)
  region size 1024K, 4 young (4096K), 4 survivors (4096K)
 Metaspace       used 56680K, capacity 57972K, committed 58240K, reserved 1099776K
  class space    used 7482K, capacity 7980K, committed 8064K, reserved 1048576K
}
Event: 27.515 GC heap before
{Heap before GC invocations=24 (full 0):
 garbage-first heap   total 58368K, used 45994K [0x00000000c2600000, 0x0000000100000000)
  region size 1024K, 23 young (23552K), 4 survivors (4096K)
 Metaspace       used 58310K, capacity 59611K, committed 59776K, reserved 1101824K
  class space    used 7724K, capacity 8226K, committed 8320K, reserved 1048576K
}
Event: 27.534 GC heap after
{Heap after GC invocations=25 (full 0):
 garbage-first heap   total 58368K, used 27736K [0x00000000c2600000, 0x0000000100000000)
  region size 1024K, 3 young (3072K), 3 survivors (3072K)
 Metaspace       used 58310K, capacity 59611K, committed 59776K, reserved 1101824K
  class space    used 7724K, capacity 8226K, committed 8320K, reserved 1048576K
}
Event: 28.133 GC heap before
{Heap before GC invocations=25 (full 0):
 garbage-first heap   total 58368K, used 37976K [0x00000000c2600000, 0x0000000100000000)
  region size 1024K, 14 young (14336K), 3 survivors (3072K)
 Metaspace       used 58831K, capacity 60109K, committed 60160K, reserved 1101824K
  class space    used 7802K, capacity 8307K, committed 8320K, reserved 1048576K
}
Event: 28.146 GC heap after
{Heap after GC invocations=26 (full 0):
 garbage-first heap   total 58368K, used 28418K [0x00000000c2600000, 0x0000000100000000)
  region size 1024K, 2 young (2048K), 2 survivors (2048K)
 Metaspace       used 58831K, capacity 60109K, committed 60160K, reserved 1101824K
  class space    used 7802K, capacity 8307K, committed 8320K, reserved 1048576K
}
Event: 29.431 GC heap before
{Heap before GC invocations=27 (full 0):
 garbage-first heap   total 58368K, used 47874K [0x00000000c2600000, 0x0000000100000000)
  region size 1024K, 21 young (21504K), 2 survivors (2048K)
 Metaspace       used 60131K, capacity 61479K, committed 61696K, reserved 1101824K
  class space    used 7988K, capacity 8502K, committed 8576K, reserved 1048576K
}
Event: 29.441 GC heap after
{Heap after GC invocations=28 (full 0):
 garbage-first heap   total 70656K, used 29827K [0x00000000c2600000, 0x0000000100000000)
  region size 1024K, 3 young (3072K), 3 survivors (3072K)
 Metaspace       used 60131K, capacity 61479K, committed 61696K, reserved 1101824K
  class space    used 7988K, capacity 8502K, committed 8576K, reserved 1048576K
}
Event: 44.187 GC heap before
{Heap before GC invocations=28 (full 0):
 garbage-first heap   total 70656K, used 56451K [0x00000000c2600000, 0x0000000100000000)
  region size 1024K, 29 young (29696K), 3 survivors (3072K)
 Metaspace       used 63209K, capacity 64615K, committed 64768K, reserved 1105920K
  class space    used 8396K, capacity 8924K, committed 8960K, reserved 1048576K
}
Event: 44.196 GC heap after
{Heap after GC invocations=29 (full 0):
 garbage-first heap   total 70656K, used 32223K [0x00000000c2600000, 0x0000000100000000)
  region size 1024K, 4 young (4096K), 4 survivors (4096K)
 Metaspace       used 63209K, capacity 64615K, committed 64768K, reserved 1105920K
  class space    used 8396K, capacity 8924K, committed 8960K, reserved 1048576K
}
Event: 193.154 GC heap before
{Heap before GC invocations=29 (full 0):
 garbage-first heap   total 70656K, used 56799K [0x00000000c2600000, 0x0000000100000000)
  region size 1024K, 28 young (28672K), 4 survivors (4096K)
 Metaspace       used 66344K, capacity 67772K, committed 67968K, reserved 1107968K
  class space    used 8747K, capacity 9272K, committed 9344K, reserved 1048576K
}
Event: 193.230 GC heap after
{Heap after GC invocations=30 (full 0):
 garbage-first heap   total 70656K, used 33573K [0x00000000c2600000, 0x0000000100000000)
  region size 1024K, 2 young (2048K), 2 survivors (2048K)
 Metaspace       used 66344K, capacity 67772K, committed 67968K, reserved 1107968K
  class space    used 8747K, capacity 9272K, committed 9344K, reserved 1048576K
}

Deoptimization events (20 events):
Event: 52.735 Thread 0x000001eede0df000 DEOPT PACKING pc=0x000001eec828104e sp=0x0000001c63bfb580
Event: 52.735 Thread 0x000001eede0df000 DEOPT UNPACKING pc=0x000001eec705993f sp=0x0000001c63bfaa50 mode 0
Event: 52.736 Thread 0x000001eede0df000 DEOPT PACKING pc=0x000001eec828104e sp=0x0000001c63bfb580
Event: 52.736 Thread 0x000001eede0df000 DEOPT UNPACKING pc=0x000001eec705993f sp=0x0000001c63bfaa50 mode 0
Event: 52.737 Thread 0x000001eede0df000 DEOPT PACKING pc=0x000001eec828104e sp=0x0000001c63bfb580
Event: 52.737 Thread 0x000001eede0df000 DEOPT UNPACKING pc=0x000001eec705993f sp=0x0000001c63bfaa50 mode 0
Event: 52.738 Thread 0x000001eede0df000 DEOPT PACKING pc=0x000001eec828104e sp=0x0000001c63bfb580
Event: 52.738 Thread 0x000001eede0df000 DEOPT UNPACKING pc=0x000001eec705993f sp=0x0000001c63bfaa50 mode 0
Event: 52.739 Thread 0x000001eede0df000 DEOPT PACKING pc=0x000001eec828104e sp=0x0000001c63bfb580
Event: 52.739 Thread 0x000001eede0df000 DEOPT UNPACKING pc=0x000001eec705993f sp=0x0000001c63bfaa50 mode 0
Event: 52.740 Thread 0x000001eede0df000 DEOPT PACKING pc=0x000001eec828104e sp=0x0000001c63bfb580
Event: 52.740 Thread 0x000001eede0df000 DEOPT UNPACKING pc=0x000001eec705993f sp=0x0000001c63bfaa50 mode 0
Event: 52.741 Thread 0x000001eede0df000 DEOPT PACKING pc=0x000001eec828104e sp=0x0000001c63bfb580
Event: 52.741 Thread 0x000001eede0df000 DEOPT UNPACKING pc=0x000001eec705993f sp=0x0000001c63bfaa50 mode 0
Event: 52.742 Thread 0x000001eede0df000 DEOPT PACKING pc=0x000001eec828104e sp=0x0000001c63bfb580
Event: 52.742 Thread 0x000001eede0df000 DEOPT UNPACKING pc=0x000001eec705993f sp=0x0000001c63bfaa50 mode 0
Event: 52.743 Thread 0x000001eede0df000 DEOPT PACKING pc=0x000001eec828104e sp=0x0000001c63bfb580
Event: 52.743 Thread 0x000001eede0df000 DEOPT UNPACKING pc=0x000001eec705993f sp=0x0000001c63bfaa50 mode 0
Event: 58.181 Thread 0x000001eede0e1800 DEOPT PACKING pc=0x000001eec81c68e7 sp=0x0000001c63cface0
Event: 58.181 Thread 0x000001eede0e1800 DEOPT UNPACKING pc=0x000001eec705993f sp=0x0000001c63cfa268 mode 0

Classes unloaded (2 events):
Event: 18.322 Thread 0x000001eebe939000 Unloading class 0x0000000800be2c40 'org/springframework/core/GenericTypeResolver$$Lambda$93'
Event: 28.270 Thread 0x000001eebe939000 Unloading class 0x00000008012b2c40 'jdk/internal/reflect/GeneratedSerializationConstructorAccessor1'

Classes redefined (0 events):
No events

Internal exceptions (20 events):
Event: 26.454 Thread 0x000001eedc582000 Exception <a 'java/lang/ClassNotFoundException'{0x00000000c4bae7e8}: java/lang/ObjectCustomizer> (0x00000000c4bae7e8) 
thrown [./open/src/hotspot/share/classfile/systemDictionary.cpp, line 226]
Event: 26.458 Thread 0x000001eedc582000 Exception <a 'java/lang/ClassNotFoundException'{0x00000000c4bce168}: org/springframework/security/config/annotation/web/configuration/WebSecurityConfigurationCustomizer> (0x00000000c4bce168) 
thrown [./open/src/hotspot/share/classfile/systemDictionary.cpp, line 226]
Event: 26.462 Thread 0x000001eedc582000 Exception <a 'java/lang/ClassNotFoundException'{0x00000000c4bf8b40}: org/springframework/security/config/annotation/web/configuration/WebSecurityConfiguration$$EnhancerBySpringCGLIB$$8f85e188Customizer> (0x00000000c4bf8b40) 
thrown [./open/src/hotspot/share/classfile/systemDictionary.cpp, line 226]
Event: 26.465 Thread 0x000001eedc582000 Exception <a 'java/lang/ClassNotFoundException'{0x00000000c4a1ecb8}: org/springframework/context/annotation/ConfigurationClassEnhancer$EnhancedConfigurationCustomizer> (0x00000000c4a1ecb8) 
thrown [./open/src/hotspot/share/classfile/systemDictionary.cpp, line 226]
Event: 26.468 Thread 0x000001eedc582000 Exception <a 'java/lang/ClassNotFoundException'{0x00000000c4a34040}: org/springframework/beans/factory/BeanFactoryAwareCustomizer> (0x00000000c4a34040) 
thrown [./open/src/hotspot/share/classfile/systemDictionary.cpp, line 226]
Event: 26.471 Thread 0x000001eedc582000 Exception <a 'java/lang/ClassNotFoundException'{0x00000000c4a482c8}: org/springframework/beans/factory/AwareCustomizer> (0x00000000c4a482c8) 
thrown [./open/src/hotspot/share/classfile/systemDictionary.cpp, line 226]
Event: 26.473 Thread 0x000001eedc582000 Exception <a 'java/lang/ClassNotFoundException'{0x00000000c4a5d5a8}: org/springframework/context/annotation/ImportAwareCustomizer> (0x00000000c4a5d5a8) 
thrown [./open/src/hotspot/share/classfile/systemDictionary.cpp, line 226]
Event: 26.476 Thread 0x000001eedc582000 Exception <a 'java/lang/ClassNotFoundException'{0x00000000c4a71348}: org/springframework/beans/factory/AwareCustomizer> (0x00000000c4a71348) 
thrown [./open/src/hotspot/share/classfile/systemDictionary.cpp, line 226]
Event: 26.478 Thread 0x000001eedc582000 Exception <a 'java/lang/ClassNotFoundException'{0x00000000c4a86d00}: org/springframework/beans/factory/BeanClassLoaderAwareCustomizer> (0x00000000c4a86d00) 
thrown [./open/src/hotspot/share/classfile/systemDictionary.cpp, line 226]
Event: 26.481 Thread 0x000001eedc582000 Exception <a 'java/lang/ClassNotFoundException'{0x00000000c4a9a838}: org/springframework/beans/factory/AwareCustomizer> (0x00000000c4a9a838) 
thrown [./open/src/hotspot/share/classfile/systemDictionary.cpp, line 226]
Event: 27.205 Thread 0x000001eedc582000 Exception <a 'java/lang/NoSuchMethodError'{0x00000000c5125b98}: 'java.lang.Object java.lang.invoke.DirectMethodHandle$Holder.invokeInterface(java.lang.Object, java.lang.Object, java.lang.Object, java.lang.Object)'> (0x00000000c5125b98) 
thrown [./open/src/hotspot/share/interpreter/linkResolver.cpp, line 766]
Event: 28.104 Thread 0x000001eedc582000 Exception <a 'java/lang/NoSuchMethodError'{0x00000000c55e5408}: 'void java.lang.invoke.DirectMethodHandle$Holder.invokeVirtual(java.lang.Object, java.lang.Object, int)'> (0x00000000c55e5408) 
thrown [./open/src/hotspot/share/interpreter/linkResolver.cpp, line 766]
Event: 29.961 Thread 0x000001eedc582000 Exception <a 'java/lang/NoSuchMethodError'{0x00000000c6127500}: 'java.lang.Object java.lang.invoke.DirectMethodHandle$Holder.newInvokeSpecial(java.lang.Object, int)'> (0x00000000c6127500) 
thrown [./open/src/hotspot/share/interpreter/linkResolver.cpp, line 766]
Event: 45.679 Thread 0x000001eeddd59000 Exception <a 'java/lang/NoSuchMethodError'{0x00000000c640e3e0}: 'java.lang.Object java.lang.invoke.DirectMethodHandle$Holder.invokeStatic(java.lang.Object, int, java.lang.Object, java.lang.Object)'> (0x00000000c640e3e0) 
thrown [./open/src/hotspot/share/interpreter/linkResolver.cpp, line 766]
Event: 45.681 Thread 0x000001eeddd59000 Exception <a 'java/lang/NoSuchMethodError'{0x00000000c6414e28}: 'java.lang.Object java.lang.invoke.DirectMethodHandle$Holder.invokeSpecial(java.lang.Object, java.lang.Object, int, java.lang.Object, java.lang.Object)'> (0x00000000c6414e28) 
thrown [./open/src/hotspot/share/interpreter/linkResolver.cpp, line 766]
Event: 52.437 Thread 0x000001eede0df000 Exception <a 'java/lang/ClassNotFoundException'{0x00000000c5e00400}: java/lang/ObjectCustomizer> (0x00000000c5e00400) 
thrown [./open/src/hotspot/share/classfile/systemDictionary.cpp, line 226]
Event: 52.441 Thread 0x000001eede0df000 Exception <a 'java/lang/ClassNotFoundException'{0x00000000c5e1c7a0}: com/example/demo/model/persistence/CartCustomizer> (0x00000000c5e1c7a0) 
thrown [./open/src/hotspot/share/classfile/systemDictionary.cpp, line 226]
Event: 52.812 Thread 0x000001eede0df000 Exception <a 'java/lang/ClassNotFoundException'{0x00000000c5c2f968}: java/lang/ObjectCustomizer> (0x00000000c5c2f968) 
thrown [./open/src/hotspot/share/classfile/systemDictionary.cpp, line 226]
Event: 52.817 Thread 0x000001eede0df000 Exception <a 'java/lang/ClassNotFoundException'{0x00000000c5c4bac8}: com/example/demo/model/persistence/UserCustomizer> (0x00000000c5c4bac8) 
thrown [./open/src/hotspot/share/classfile/systemDictionary.cpp, line 226]
Event: 62.661 Thread 0x000001eede0e0800 Exception <a 'java/lang/NoClassDefFoundError'{0x00000000c5919c50}: sun/reflect/Reflection> (0x00000000c5919c50) 
thrown [./open/src/hotspot/share/classfile/systemDictionary.cpp, line 215]

Events (20 events):
Event: 62.679 Executing VM operation: HandshakeOneThread done
Event: 123.010 Executing VM operation: HandshakeOneThread
Event: 123.010 Executing VM operation: HandshakeOneThread done
Event: 158.306 Loaded shared library C:\Program Files\Java\jdk-14.0.1\bin\java.dll
Event: 193.136 Thread 0x000001eede0e4000 Thread added: 0x000001eede0e4000
Event: 193.154 Executing VM operation: G1CollectForAllocation
Event: 193.230 Executing VM operation: G1CollectForAllocation done
Event: 193.230 Executing VM operation: HandshakeOneThread
Event: 193.230 Executing VM operation: HandshakeOneThread done
Event: 193.230 Thread 0x000001eeddd5a800 Thread exited: 0x000001eeddd5a800
Event: 193.298 Executing VM operation: HandshakeOneThread
Event: 193.298 Executing VM operation: HandshakeOneThread done
Event: 193.299 Executing VM operation: HandshakeOneThread
Event: 193.299 Executing VM operation: HandshakeOneThread done
Event: 193.299 Executing VM operation: HandshakeOneThread
Event: 193.299 Executing VM operation: HandshakeOneThread done
Event: 193.300 Executing VM operation: HandshakeOneThread
Event: 193.300 Executing VM operation: HandshakeOneThread done
Event: 193.307 Executing VM operation: HandshakeOneThread
Event: 193.307 Executing VM operation: HandshakeOneThread done


Dynamic libraries:
0x00007ff71c780000 - 0x00007ff71c78f000 	C:\Program Files\Java\jdk-14.0.1\bin\java.exe
0x00007ffd94180000 - 0x00007ffd94370000 	C:\WINDOWS\SYSTEM32\ntdll.dll
0x00007ffd93b30000 - 0x00007ffd93be2000 	C:\WINDOWS\System32\KERNEL32.DLL
0x00007ffd91d50000 - 0x00007ffd91ff5000 	C:\WINDOWS\System32\KERNELBASE.dll
0x00007ffd914d0000 - 0x00007ffd915ca000 	C:\WINDOWS\System32\ucrtbase.dll
0x00007ffd84000000 - 0x00007ffd84018000 	C:\Program Files\Java\jdk-14.0.1\bin\jli.dll
0x00007ffd92b50000 - 0x00007ffd92bf3000 	C:\WINDOWS\System32\ADVAPI32.dll
0x00007ffd925c0000 - 0x00007ffd9265e000 	C:\WINDOWS\System32\msvcrt.dll
0x00007ffd93fb0000 - 0x00007ffd94047000 	C:\WINDOWS\System32\sechost.dll
0x00007ffd92230000 - 0x00007ffd92350000 	C:\WINDOWS\System32\RPCRT4.dll
0x00007ffd92420000 - 0x00007ffd925b4000 	C:\WINDOWS\System32\USER32.dll
0x00007ffd92110000 - 0x00007ffd92131000 	C:\WINDOWS\System32\win32u.dll
0x00007ffd93aa0000 - 0x00007ffd93ac6000 	C:\WINDOWS\System32\GDI32.dll
0x00007ffd91330000 - 0x00007ffd914c6000 	C:\WINDOWS\System32\gdi32full.dll
0x00007ffd92190000 - 0x00007ffd9222e000 	C:\WINDOWS\System32\msvcp_win.dll
0x00007ffd86190000 - 0x00007ffd86414000 	C:\WINDOWS\WinSxS\amd64_microsoft.windows.common-controls_6595b64144ccf1df_6.0.18362.1139_none_9e7bf2d3e4605ac6\COMCTL32.dll
0x00007ffd93c70000 - 0x00007ffd93fa5000 	C:\WINDOWS\System32\combase.dll
0x00007ffd912b0000 - 0x00007ffd91330000 	C:\WINDOWS\System32\bcryptPrimitives.dll
0x00007ffd80da0000 - 0x00007ffd80db5000 	C:\Program Files\Java\jdk-14.0.1\bin\VCRUNTIME140.dll
0x00007ffd8b300000 - 0x00007ffd8b30a000 	C:\WINDOWS\SYSTEM32\VERSION.dll
0x00007ffd92a20000 - 0x00007ffd92a4e000 	C:\WINDOWS\System32\IMM32.DLL
0x00007ffd77290000 - 0x00007ffd7732b000 	C:\Program Files\Java\jdk-14.0.1\bin\msvcp140.dll
0x00007ffd61240000 - 0x00007ffd61d5e000 	C:\Program Files\Java\jdk-14.0.1\bin\server\jvm.dll
0x00007ffd92b20000 - 0x00007ffd92b28000 	C:\WINDOWS\System32\PSAPI.DLL
0x00007ffd86770000 - 0x00007ffd86779000 	C:\WINDOWS\SYSTEM32\WSOCK32.dll
0x00007ffd931d0000 - 0x00007ffd9323f000 	C:\WINDOWS\System32\WS2_32.dll
0x00007ffd88d90000 - 0x00007ffd88db4000 	C:\WINDOWS\SYSTEM32\WINMM.dll
0x00007ffd88d50000 - 0x00007ffd88d7d000 	C:\WINDOWS\SYSTEM32\WINMMBASE.dll
0x00007ffd92140000 - 0x00007ffd9218a000 	C:\WINDOWS\System32\cfgmgr32.dll
0x00007ffd910d0000 - 0x00007ffd910e1000 	C:\WINDOWS\System32\kernel.appcore.dll
0x00007ffd84ce0000 - 0x00007ffd84cea000 	C:\Program Files\Java\jdk-14.0.1\bin\jimage.dll
0x00007ffd8db00000 - 0x00007ffd8dcf4000 	C:\WINDOWS\SYSTEM32\DBGHELP.DLL
0x00007ffd8b7f0000 - 0x00007ffd8b81a000 	C:\WINDOWS\SYSTEM32\dbgcore.DLL
0x00007ffd83e80000 - 0x00007ffd83e8e000 	C:\Program Files\Java\jdk-14.0.1\bin\instrument.dll
0x00007ffd809a0000 - 0x00007ffd809c5000 	C:\Program Files\Java\jdk-14.0.1\bin\java.dll
0x00007ffd80d80000 - 0x00007ffd80d96000 	C:\Program Files\Java\jdk-14.0.1\bin\zip.dll
0x00007ffd933b0000 - 0x00007ffd93a97000 	C:\WINDOWS\System32\SHELL32.dll
0x00007ffd932a0000 - 0x00007ffd93349000 	C:\WINDOWS\System32\shcore.dll
0x00007ffd915d0000 - 0x00007ffd91d50000 	C:\WINDOWS\System32\windows.storage.dll
0x00007ffd910a0000 - 0x00007ffd910c3000 	C:\WINDOWS\System32\profapi.dll
0x00007ffd91050000 - 0x00007ffd9109a000 	C:\WINDOWS\System32\powrprof.dll
0x00007ffd91040000 - 0x00007ffd91050000 	C:\WINDOWS\System32\UMPDC.dll
0x00007ffd93ad0000 - 0x00007ffd93b22000 	C:\WINDOWS\System32\shlwapi.dll
0x00007ffd91290000 - 0x00007ffd912a7000 	C:\WINDOWS\System32\cryptsp.dll
0x00007ffd80a60000 - 0x00007ffd80a79000 	C:\Program Files\Java\jdk-14.0.1\bin\net.dll
0x00007ffd8a020000 - 0x00007ffd8a110000 	C:\WINDOWS\SYSTEM32\WINHTTP.dll
0x00007ffd907f0000 - 0x00007ffd90857000 	C:\WINDOWS\system32\mswsock.dll
0x00007ffd800a0000 - 0x00007ffd800b2000 	C:\Program Files\Java\jdk-14.0.1\bin\nio.dll
0x00007ffd82480000 - 0x00007ffd82490000 	C:\Program Files\Java\jdk-14.0.1\bin\verify.dll
0x00007ffd7f970000 - 0x00007ffd7f98a000 	C:\Program Files\JetBrains\IntelliJ IDEA Community Edition 2020.1.2\bin\breakgen64.dll
0x00007ffd82310000 - 0x00007ffd82319000 	C:\Program Files\Java\jdk-14.0.1\bin\management.dll
0x00007ffd80090000 - 0x00007ffd8009b000 	C:\Program Files\Java\jdk-14.0.1\bin\management_ext.dll
0x00007ffd806f0000 - 0x00007ffd80706000 	C:\WINDOWS\system32\napinsp.dll
0x00007ffd806d0000 - 0x00007ffd806ea000 	C:\WINDOWS\system32\pnrpnsp.dll
0x00007ffd8ce00000 - 0x00007ffd8ce15000 	C:\WINDOWS\system32\wshbth.dll
0x00007ffd8bc40000 - 0x00007ffd8bc5c000 	C:\WINDOWS\system32\NLAapi.dll
0x00007ffd90510000 - 0x00007ffd9054a000 	C:\WINDOWS\SYSTEM32\IPHLPAPI.DLL
0x00007ffd90550000 - 0x00007ffd9061b000 	C:\WINDOWS\SYSTEM32\DNSAPI.dll
0x00007ffd92b30000 - 0x00007ffd92b38000 	C:\WINDOWS\System32\NSI.dll
0x00007ffd80680000 - 0x00007ffd8068e000 	C:\WINDOWS\System32\winrnr.dll
0x00007ffd88d40000 - 0x00007ffd88d4a000 	C:\Windows\System32\rasadhlp.dll
0x00007ffd8a350000 - 0x00007ffd8a3c7000 	C:\WINDOWS\System32\fwpuclnt.dll
0x00007ffd91260000 - 0x00007ffd91286000 	C:\WINDOWS\System32\bcrypt.dll
0x00007ffd90360000 - 0x00007ffd90393000 	C:\WINDOWS\system32\rsaenh.dll
0x00007ffd90f60000 - 0x00007ffd90f85000 	C:\WINDOWS\SYSTEM32\USERENV.dll
0x00007ffd909e0000 - 0x00007ffd909ec000 	C:\WINDOWS\SYSTEM32\CRYPTBASE.dll
0x00007ffd8adc0000 - 0x00007ffd8add6000 	C:\WINDOWS\SYSTEM32\dhcpcsvc6.DLL
0x00007ffd8b3a0000 - 0x00007ffd8b3bc000 	C:\WINDOWS\SYSTEM32\dhcpcsvc.DLL

dbghelp: loaded successfully - version: 4.0.5 - missing functions: none
symbol engine: initialized successfully - sym options: 0x614 - pdb path: .;C:\Program Files\Java\jdk-14.0.1\bin;C:\WINDOWS\SYSTEM32;C:\WINDOWS\WinSxS\amd64_microsoft.windows.common-controls_6595b64144ccf1df_6.0.18362.1139_none_9e7bf2d3e4605ac6;C:\Program Files\Java\jdk-14.0.1\bin\server;C:\Program Files\JetBrains\IntelliJ IDEA Community Edition 2020.1.2\bin

VM Arguments:
jvm_args: -javaagent:C:\Program Files\JetBrains\IntelliJ IDEA Community Edition 2020.1.2\lib\idea_rt.jar=57844:C:\Program Files\JetBrains\IntelliJ IDEA Community Edition 2020.1.2\bin -Dfile.encoding=UTF-8 
java_command: com.example.demo.SareetaApplication
java_class_path (initial): C:\Users\magur\Documents\Udacity\Java Nanodegree\P04-eCommerce Application\starter_code\target\classes;C:\Users\magur\.m2\repository\org\springframework\boot\spring-boot-devtools\2.1.16.RELEASE\spring-boot-devtools-2.1.16.RELEASE.jar;C:\Users\magur\.m2\repository\org\springframework\boot\spring-boot\2.1.5.RELEASE\spring-boot-2.1.5.RELEASE.jar;C:\Users\magur\.m2\repository\org\springframework\spring-context\5.1.7.RELEASE\spring-context-5.1.7.RELEASE.jar;C:\Users\magur\.m2\repository\org\springframework\boot\spring-boot-autoconfigure\2.1.5.RELEASE\spring-boot-autoconfigure-2.1.5.RELEASE.jar;C:\Users\magur\.m2\repository\org\springframework\boot\spring-boot-starter-thymeleaf\2.1.5.RELEASE\spring-boot-starter-thymeleaf-2.1.5.RELEASE.jar;C:\Users\magur\.m2\repository\org\springframework\boot\spring-boot-starter\2.1.5.RELEASE\spring-boot-starter-2.1.5.RELEASE.jar;C:\Users\magur\.m2\repository\org\springframework\boot\spring-boot-starter-logging\2.1.5.RELEASE\spring-boot-starter-logging-2.1.5.RELEASE.jar;C:\Users\magur\.m2\repository\ch\qos\logback\logback-classic\1.2.3\logback-classic-1.2.3.jar;C:\Users\magur\.m2\repository\ch\qos\logback\logback-core\1.2.3\logback-core-1.2.3.jar;C:\Users\magur\.m2\repository\org\apache\logging\log4j\log4j-to-slf4j\2.11.2\log4j-to-slf4j-2.11.2.jar;C:\Users\magur\.m2\repository\org\slf4j\jul-to-slf4j\1.7.26\jul-to-slf4j-1.7.26.jar;C:\Users\magur\.m2\repository\org\yaml\snakeyaml\1.23\snakeyaml-1.23.jar;C:\Users\magur\.m2\repository\org\thymeleaf\thymeleaf-spring5\3.0.11.RELEASE\thymeleaf-spring5-3.0.11.RELEASE.jar;C:\Users\magur\.m2\repository\org\thymeleaf\thymeleaf\3.0.11.RELEASE\thymeleaf-3.0.11.RELEASE.jar;C:\Users\magur\.m2\repository\org\attoparser\attoparser\2.0.5.RELEASE\attoparser-2.0.5.RELEASE.jar;C:\Users\magur\.m2\repository\org\unbescape\unbescape\1.1.6.RELEASE\unbescape-1.1.6.RELEASE.jar;C:\Users\magur\.m2\repository\org\slf4j\slf4j-api\1.7.26\slf4j-api-1.7.26.jar;C:\Users\magur\.m2\repository\org
Launcher Type: SUN_STANDARD

[Global flags]
     intx CICompilerCount                          = 3                                         {product} {ergonomic}
     uint ConcGCThreads                            = 1                                         {product} {ergonomic}
     uint G1ConcRefinementThreads                  = 4                                         {product} {ergonomic}
   size_t G1HeapRegionSize                         = 1048576                                   {product} {ergonomic}
    uintx GCDrainStackTargetSize                   = 64                                        {product} {ergonomic}
   size_t InitialHeapSize                          = 65011712                                  {product} {ergonomic}
   size_t MarkStackSize                            = 4194304                                   {product} {ergonomic}
   size_t MaxHeapSize                              = 1033895936                                {product} {ergonomic}
   size_t MaxNewSize                               = 619708416                                 {product} {ergonomic}
   size_t MinHeapDeltaBytes                        = 1048576                                   {product} {ergonomic}
   size_t MinHeapSize                              = 8388608                                   {product} {ergonomic}
    uintx NonNMethodCodeHeapSize                   = 5832780                                {pd product} {ergonomic}
    uintx NonProfiledCodeHeapSize                  = 122912730                              {pd product} {ergonomic}
    uintx ProfiledCodeHeapSize                     = 122912730                              {pd product} {ergonomic}
    uintx ReservedCodeCacheSize                    = 251658240                              {pd product} {ergonomic}
     bool SegmentedCodeCache                       = true                                      {product} {ergonomic}
   size_t SoftMaxHeapSize                          = 1033895936                             {manageable} {ergonomic}
     bool UseCompressedClassPointers               = true                                 {lp64_product} {ergonomic}
     bool UseCompressedOops                        = true                                 {lp64_product} {ergonomic}
     bool UseG1GC                                  = true                                      {product} {ergonomic}
     bool UseLargePagesIndividualAllocation        = false                                  {pd product} {ergonomic}

Logging:
Log output configuration:
 #0: stdout all=warning uptime,level,tags
 #1: stderr all=off uptime,level,tags

Environment Variables:
PATH=C:\Program Files (x86)\Common Files\Oracle\Java\javapath;C:\WINDOWS\system32;C:\WINDOWS;C:\WINDOWS\System32\Wbem;C:\WINDOWS\System32\WindowsPowerShell\v1.0\;C:\Program Files\Intel\TXE Components\DAL\;C:\Program Files (x86)\Intel\TXE Components\DAL\;C:\Program Files\Intel\TXE Components\IPT\;C:\Program Files (x86)\Intel\TXE Components\IPT\;C:\Program Files\Intel\WiFi\bin\;C:\Program Files\Common Files\Intel\WirelessCommon\;C:\WINDOWS\System32\OpenSSH\;C:\Program Files\Git\cmd;C:\Program Files\heroku\bin;C:\Program Files\PostgreSQL\12;C:\Program Files\PostgreSQL\12\bin\postgres.exe;C:\Program Files\Java\jdk-14.0.1\bin;C:\Program Files (x86)\Common Files\Oracle\Java\javapath;C:\WINDOWS\system32;C:\WINDOWS;C:\WINDOWS\System32\Wbem;C:\WINDOWS\System32\WindowsPowerShell\v1.0\;C:\Program Files\Intel\TXE Components\DAL\;C:\Program Files (x86)\Intel\TXE Components\DAL\;C:\Program Files\Intel\TXE Components\IPT\;C:\Program Files (x86)\Intel\TXE Components\IPT\;C:\Program Files\Intel\WiFi\bin\;C:\Program Files\Common Files\Intel\WirelessCommon\;C:\WINDOWS\System32\OpenSSH\;C:\Program Files\Git\cmd;C:\Program Files\heroku\bin;C:\Program Files\PostgreSQL\12;C:\Program Files\PostgreSQL\12\bin\postgres.exe;C:\Program Files\Java\jdk-14.0.1\bin;C:\Python38\Scripts;C:\Program Files\heroku\bin;C:\Program Files\PostgreSQL\12\bin\postgres.exe;C:\Program Files\PostgreSQL\12\bin;;C:\Program Files\JetBrains\IntelliJ IDEA Community Edition 2020.1.2\bin;
USERNAME=magur
OS=Windows_NT
PROCESSOR_IDENTIFIER=Intel64 Family 6 Model 92 Stepping 9, GenuineIntel



---------------  S Y S T E M  ---------------

OS: Windows 10 , 64 bit Build 18362 (10.0.18362.1110)
OS uptime: 15 days 13:31 hours
HyperV virtualization detected

CPU:total 4 (initial active 4) (4 cores per cpu, 1 threads per core) family 6 model 92 stepping 9, cmov, cx8, fxsr, mmx, sse, sse2, sse3, ssse3, sse4.1, sse4.2, popcnt, aes, clmul, erms, 3dnowpref, tsc, tscinvbit, sha

Memory: 4k page, system-wide physical 3936M (357M free)
TotalPageFile size 10273M (AvailPageFile size 2M)
current process WorkingSet (physical memory assigned to process): 121M, peak: 273M
current process commit charge ("private bytes"): 266M, peak: 313M

vm_info: Java HotSpot(TM) 64-Bit Server VM (14.0.1+7) for windows-amd64 JRE (14.0.1+7), built on Mar  5 2020 10:30:14 by "mach5one" with MS VC++ 15.9 (VS2017)

END.
